0 info it worked if it ends with ok
1 verbose cli [ 'C:\\Program Files\\nodejs\\\\node.exe',
1 verbose cli   'C:\\Program Files\\nodejs\\node_modules\\npm\\bin\\npm-cli.js',
1 verbose cli   'install',
1 verbose cli   '--save',
1 verbose cli   '2.9.*' ]
2 info using npm@1.4.28
3 info using node@v0.10.33
4 verbose node symlink C:\Program Files\nodejs\\node.exe
5 verbose readDependencies using package.json deps
6 verbose cache add [ '2.9.*', null ]
7 verbose cache add name=undefined spec="2.9.*" args=["2.9.*",null]
8 verbose parsed url { protocol: null,
8 verbose parsed url   slashes: null,
8 verbose parsed url   auth: null,
8 verbose parsed url   host: null,
8 verbose parsed url   port: null,
8 verbose parsed url   hostname: null,
8 verbose parsed url   hash: null,
8 verbose parsed url   search: null,
8 verbose parsed url   query: null,
8 verbose parsed url   pathname: '2.9.*',
8 verbose parsed url   path: '2.9.*',
8 verbose parsed url   href: '2.9.*' }
9 silly lockFile ca0b2eb9-2-9 2.9.*
10 verbose lock 2.9.* C:\Users\z.gulchak\AppData\Roaming\npm-cache\ca0b2eb9-2-9.lock
11 silly lockFile ca0b2eb9-2-9 2.9.*
12 silly lockFile ca0b2eb9-2-9 2.9.*
13 verbose addNamed [ '2.9.*', '' ]
14 verbose addNamed [ null, '*' ]
15 silly lockFile 4fc04d1b-2-9 2.9.*@
16 verbose lock 2.9.*@ C:\Users\z.gulchak\AppData\Roaming\npm-cache\4fc04d1b-2-9.lock
17 silly addNameRange { name: '2.9.*', range: '*', hasData: false }
18 verbose request where is /2.9.*
19 verbose request registry https://registry.npmjs.org/
20 verbose request id 88c55aa286536d66
21 verbose url raw /2.9.*
22 verbose url resolving [ 'https://registry.npmjs.org/', './2.9.*' ]
23 verbose url resolved https://registry.npmjs.org/2.9.*
24 verbose request where is https://registry.npmjs.org/2.9.*
25 info trying registry request attempt 1 at 18:12:44
26 http GET https://registry.npmjs.org/2.9.*
27 http 404 https://registry.npmjs.org/2.9.*
28 verbose headers { server: 'CouchDB/1.5.0 (Erlang OTP/R16B03)',
28 verbose headers   'content-type': 'application/json',
28 verbose headers   'cache-control': 'max-age=0',
28 verbose headers   'content-length': '51',
28 verbose headers   'accept-ranges': 'bytes',
28 verbose headers   date: 'Sun, 24 May 2015 15:12:44 GMT',
28 verbose headers   via: '1.1 varnish',
28 verbose headers   age: '0',
28 verbose headers   connection: 'keep-alive',
28 verbose headers   'x-served-by': 'cache-ams4131-AMS',
28 verbose headers   'x-cache': 'MISS',
28 verbose headers   'x-cache-hits': '0',
28 verbose headers   'x-timer': 'S1432480364.483640,VS0,VE96' }
29 silly registry.get cb [ 404,
29 silly registry.get   { server: 'CouchDB/1.5.0 (Erlang OTP/R16B03)',
29 silly registry.get     'content-type': 'application/json',
29 silly registry.get     'cache-control': 'max-age=0',
29 silly registry.get     'content-length': '51',
29 silly registry.get     'accept-ranges': 'bytes',
29 silly registry.get     date: 'Sun, 24 May 2015 15:12:44 GMT',
29 silly registry.get     via: '1.1 varnish',
29 silly registry.get     age: '0',
29 silly registry.get     connection: 'keep-alive',
29 silly registry.get     'x-served-by': 'cache-ams4131-AMS',
29 silly registry.get     'x-cache': 'MISS',
29 silly registry.get     'x-cache-hits': '0',
29 silly registry.get     'x-timer': 'S1432480364.483640,VS0,VE96' } ]
30 silly lockFile 4fc04d1b-2-9 2.9.*@
31 silly lockFile 4fc04d1b-2-9 2.9.*@
32 error 404 404 Not Found: 2.9.*
32 error 404
32 error 404 '2.9.*' is not in the npm registry.
32 error 404 You should bug the author to publish it
32 error 404 It was specified as a dependency of 'first-app'
32 error 404
32 error 404 Note that you can also install from a
32 error 404 tarball, folder, or http url, or git url.
33 error System Windows_NT 6.2.9200
34 error command "C:\\Program Files\\nodejs\\\\node.exe" "C:\\Program Files\\nodejs\\node_modules\\npm\\bin\\npm-cli.js" "install" "--save" "2.9.*"
35 error cwd C:\OpenServer\domains\test.net
36 error node -v v0.10.33
37 error npm -v 1.4.28
38 error code E404
39 verbose exit [ 1, true ]
